### ISSUE TITLE
Code generation/Runtime for OS X is broken. 

### ISSUE THREAD

**Issue by felixwilhelm** [OliverSch/compiler#68]
Code der print_int unter OS X benutzt triggert momentan einen Crash irgendwo tief im printf Library Code. Konnte auf die Schnelle den Grund nicht finden und bin inzwischen auf Linux umgestiegen zum Backend testen.

```
gdb$ run
Starting program: /Users/felix/code/kit/compiler/Simon_002

Program received signal SIGSEGV, Segmentation fault.
-----------------------------------------------------------------------------------------------------------------------[regs]
  RAX: 0x0000000000000A00  RBX: 0x00007FFF76D05440  RCX: 0x74003DC417CD3705  RDX: 0x0000000000000000  o d I t s z A p c
  RSI: 0x00007FFF5FBFF228  RDI: 0x0000000000000008  RBP: 0x00007FFF5FBFF2D8  RSP: 0x00007FFF5FBFF268  RIP: 0x00007FFF8F1521C4
  R8 : 0x0000000100000F8A  R9 : 0x00007FFF5FBFFAE8  R10: 0x00007FFF8F143C09  R11: 0x0000000000000202  R12: 0x0000000000000068
  R13: 0x00007FFF76D062A0  R14: 0x00007FFF76D07420  R15: 0x00007FFF5FBFF268
0x00007fff8f1521c4 in ?? ()
gdb$ x/10i $rip
=> 0x7fff8f1521c4:	movaps XMMWORD PTR [rbp-0x50],xmm0
   0x7fff8f1521c8:	movaps XMMWORD PTR [rbp-0x60],xmm0
   0x7fff8f1521cc:	movaps XMMWORD PTR [rbp-0x70],xmm0
   0x7fff8f1521d0:	mov    BYTE PTR [rbp-0x3a],0x0
   0x7fff8f1521d4:	mov    WORD PTR [rbp-0x3c],0x0
   0x7fff8f1521da:	mov    DWORD PTR [rbp-0x40],0x0
   0x7fff8f1521e1:	mov    QWORD PTR [rbx+0x8],0x32aaaba7
   0x7fff8f1521e9:	mov    BYTE PTR [rbx+0x10],0x0
   0x7fff8f1521ed:	lea    rdi,[rbx+0x11]
   0x7fff8f1521f1:	mov    rsi,r15
````
